********************************************************************************
DUPLICATOR-LITE PACKAGE-LOG: January 11, 2018 03:20
NOTICE: Do NOT post to public sites or forums 
********************************************************************************
VERSION:	1.2.32
WORDPRESS:	4.9.1
PHP INFO:	5.6.28 | SAPI: apache2handler
SERVER:		Apache/2.4.23 (Win32) OpenSSL/1.0.2h PHP/5.6.28 
PHP TIME LIMIT: (0) no time limit imposed 
PHP MAX MEMORY: 2048M (128M default) 
MEMORY STACK: 38.25MB 

********************************************************************************
DATABASE:
********************************************************************************
BUILD MODE:   MYSQLDUMP
MYSQLTIMEOUT: 5000
MYSQLDUMP:    Is Supported 
FILTERED: [] 
RESPONSE: Ran from C:/xampp/mysql/bin/mysqldump.exe 
TABLES: total:27 | filtered:0 | create:27 
SQL CREATED: 20180111_woodworkhandmadegoods_b579172358f605171216180111032021_database.sql 
SQL FILE SIZE: 1.08MB (1133862) 
SQL FILE TIME: 2018-01-11 03:20:44 
SQL RUNTIME: 1.49 sec. 

******************************************************************************** 
ARCHIVE (ZIP): 
******************************************************************************** 
ARCHIVE DIR:  C:/xampp/htdocs/colton-wp/portfolio-website 
ARCHIVE FILE: 20180111_woodworkhandmadegoods_b579172358f605171216180111032021_archive.zip 
FILTERS: *OFF* 
DIRS:
	not set 
FILES:
	not set 
EXTS:  not set 
---------------------------------------- 
COMPRESSING 
SIZE:	123.63MB 
STATS:	Dirs 616 | Files 4,860 
SQL ADDED: 20180111_woodworkhandmadegoods_b579172358f605171216180111032021_database.sql 
ZipArchive Object
(
    [status] => 0
    [statusSys] => 0
    [numFiles] => 5476
    [filename] => C:\xampp\htdocs\colton-wp\portfolio-website\wp-snapshots\tmp\20180111_woodworkhandmadegoods_b579172358f605171216180111032021_archive.zip
    [comment] => 
)
 
COMPRESSION RESULT: '1' 
COMPRESSED SIZE: 82.43MB 
ARCHIVE RUNTIME: 87.75 sec. 
MEMORY STACK: 40.25MB 

******************************************************************************** 
MAKE INSTALLER: 
******************************************************************************** 
Build Start 
Build Finished 
Preping for use 
PACK SIZE:  
Template parsed with new data 
Complete [C:/xampp/htdocs/colton-wp/portfolio-website/wp-snapshots/tmp/20180111_woodworkhandmadegoods_b579172358f605171216180111032021_installer.php] 
Added to archive 

******************************************************************************** 
INTEGRITY CHECKS: 
******************************************************************************** 
SQL File: 1.08MB 
Installer File: 444.05KB 
Archive File: 82.43MB  

********************************************************************************
RECORD ID:[1]
TOTAL PROCESS RUNTIME: 95.86 sec.
PEAK PHP MEMORY USED: 42.75MB
DONE PROCESSING => 20180111_woodworkhandmadegoods January 11, 2018 03:22
 
